Started GET "/" for 127.0.0.1 at 2017-10-30 20:39:29 +0200
Processing by MainController#index as HTML
  Rendering main/index.html.haml within layouts/application
  Rendered main/index.html.haml within layouts/application (18.3ms)
Completed 200 OK in 610ms (Views: 585.7ms)


Started GET "/" for 127.0.0.1 at 2017-10-30 20:40:30 +0200
Processing by MainController#index as HTML
  Rendering main/index.html.haml within layouts/application
  Rendered main/index.html.haml within layouts/application (17.5ms)
Completed 200 OK in 258ms (Views: 233.7ms)


Started GET "/" for 127.0.0.1 at 2017-10-30 20:46:03 +0200
Started GET "/" for 127.0.0.1 at 2017-10-30 20:46:03 +0200
Processing by MainController#index as HTML
Processing by MainController#index as HTML
  Rendering main/index.html.haml within layouts/application
  Rendering main/index.html.haml within layouts/application
  Rendered main/index.html.haml within layouts/application (4.9ms)
  Rendered main/index.html.haml within layouts/application (12.2ms)
Completed 200 OK in 101ms (Views: 99.0ms)


Completed 200 OK in 110ms (Views: 108.0ms)


Started GET "/" for 127.0.0.1 at 2017-10-30 20:46:12 +0200
Processing by MainController#index as HTML
  Rendering main/index.html.haml within layouts/application
  Rendered main/index.html.haml within layouts/application (10.8ms)
Completed 200 OK in 150ms (Views: 133.6ms)


Started GET "/" for 127.0.0.1 at 2017-10-30 20:48:57 +0200
Processing by MainController#index as HTML
  Rendering main/index.html.haml within layouts/application
  Rendered main/index.html.haml within layouts/application (42.7ms)
Completed 200 OK in 93ms (Views: 91.1ms)


Started GET "/" for 127.0.0.1 at 2017-10-30 20:49:13 +0200
Processing by MainController#index as HTML
  Rendering main/index.html.haml within layouts/application
  Rendered main/index.html.haml within layouts/application (11.1ms)
Completed 200 OK in 45ms (Views: 43.7ms)


Started GET "/" for 127.0.0.1 at 2017-10-30 20:49:28 +0200
Processing by MainController#index as HTML
  Rendering main/index.html.haml within layouts/application
  Rendered main/index.html.haml within layouts/application (25.7ms)
Completed 200 OK in 100ms (Views: 96.5ms)


Started GET "/" for 127.0.0.1 at 2017-10-30 20:49:38 +0200
Processing by MainController#index as HTML
  Rendering main/index.html.haml within layouts/application
  Rendered main/index.html.haml within layouts/application (29.5ms)
Completed 200 OK in 96ms (Views: 94.5ms)


Started GET "/" for 127.0.0.1 at 2017-10-30 20:50:11 +0200
Processing by MainController#index as HTML
  Rendering main/index.html.haml within layouts/application
  Rendered main/index.html.haml within layouts/application (11.8ms)
Completed 200 OK in 47ms (Views: 46.0ms)


Started GET "/" for 127.0.0.1 at 2017-10-30 20:50:11 +0200
Processing by MainController#index as HTML
  Rendering main/index.html.haml within layouts/application
  Rendered main/index.html.haml within layouts/application (5.4ms)
Completed 200 OK in 32ms (Views: 30.8ms)


Started GET "/" for 127.0.0.1 at 2017-10-30 20:50:12 +0200
Processing by MainController#index as HTML
  Rendering main/index.html.haml within layouts/application
  Rendered main/index.html.haml within layouts/application (16.6ms)
Completed 200 OK in 45ms (Views: 43.8ms)


Started GET "/" for 127.0.0.1 at 2017-10-30 20:51:18 +0200
Processing by MainController#index as HTML
  Rendering main/index.html.haml within layouts/application
  Rendered main/index.html.haml within layouts/application (12.7ms)
Completed 200 OK in 160ms (Views: 143.4ms)


Started GET "/" for 127.0.0.1 at 2017-10-30 20:51:18 +0200
Processing by MainController#index as HTML
  Rendering main/index.html.haml within layouts/application
  Rendered main/index.html.haml within layouts/application (5.0ms)
Completed 200 OK in 44ms (Views: 40.5ms)


Started GET "/" for 127.0.0.1 at 2017-10-30 20:51:19 +0200
Processing by MainController#index as HTML
  Rendering main/index.html.haml within layouts/application
  Rendered main/index.html.haml within layouts/application (8.9ms)
Completed 200 OK in 37ms (Views: 35.8ms)


Started GET "/" for 127.0.0.1 at 2017-10-30 20:51:19 +0200
Processing by MainController#index as HTML
  Rendering main/index.html.haml within layouts/application
  Rendered main/index.html.haml within layouts/application (5.0ms)
Completed 200 OK in 29ms (Views: 27.7ms)


Started GET "/" for 127.0.0.1 at 2017-10-30 20:51:19 +0200
Processing by MainController#index as HTML
  Rendering main/index.html.haml within layouts/application
  Rendered main/index.html.haml within layouts/application (11.7ms)
Completed 200 OK in 50ms (Views: 48.8ms)


Started GET "/" for 127.0.0.1 at 2017-10-30 20:51:19 +0200
Processing by MainController#index as HTML
  Rendering main/index.html.haml within layouts/application
  Rendered main/index.html.haml within layouts/application (14.1ms)
Completed 200 OK in 52ms (Views: 51.0ms)


Started GET "/" for 127.0.0.1 at 2017-10-30 20:51:20 +0200
Processing by MainController#index as HTML
  Rendering main/index.html.haml within layouts/application
  Rendered main/index.html.haml within layouts/application (15.2ms)
Completed 200 OK in 62ms (Views: 59.7ms)


Started GET "/" for 127.0.0.1 at 2017-10-30 20:51:58 +0200
Processing by MainController#index as HTML
  Rendering main/index.html.haml within layouts/application
  Rendered main/index.html.haml within layouts/application (8.6ms)
Completed 200 OK in 70ms (Views: 69.0ms)


Started GET "/" for 127.0.0.1 at 2017-10-30 20:53:00 +0200
Processing by MainController#index as HTML
  Rendering main/index.html.haml within layouts/application
  Rendered main/index.html.haml within layouts/application (8.6ms)
Completed 200 OK in 64ms (Views: 61.4ms)


Started GET "/" for 127.0.0.1 at 2017-10-30 20:53:01 +0200
Processing by MainController#index as HTML
  Rendering main/index.html.haml within layouts/application
  Rendered main/index.html.haml within layouts/application (10.5ms)
Completed 200 OK in 48ms (Views: 45.5ms)


Started GET "/" for 127.0.0.1 at 2017-10-30 20:53:01 +0200
Processing by MainController#index as HTML
  Rendering main/index.html.haml within layouts/application
  Rendered main/index.html.haml within layouts/application (13.6ms)
Completed 200 OK in 57ms (Views: 55.3ms)


Started GET "/" for 127.0.0.1 at 2017-10-30 20:53:15 +0200
Processing by MainController#index as HTML
  Rendering main/index.html.haml within layouts/application
  Rendered main/index.html.haml within layouts/application (4.7ms)
Completed 200 OK in 38ms (Views: 36.7ms)


Started GET "/" for 127.0.0.1 at 2017-10-30 20:53:34 +0200
Processing by MainController#index as HTML
  Rendering main/index.html.haml within layouts/application
  Rendered main/index.html.haml within layouts/application (10.4ms)
Completed 200 OK in 58ms (Views: 56.7ms)


Started GET "/" for 127.0.0.1 at 2017-10-30 20:53:35 +0200
Processing by MainController#index as HTML
  Rendering main/index.html.haml within layouts/application
  Rendered main/index.html.haml within layouts/application (4.9ms)
Completed 200 OK in 26ms (Views: 24.6ms)


Started GET "/" for 127.0.0.1 at 2017-10-30 20:53:35 +0200
Processing by MainController#index as HTML
  Rendering main/index.html.haml within layouts/application
  Rendered main/index.html.haml within layouts/application (6.9ms)
Completed 200 OK in 34ms (Views: 32.7ms)


Started GET "/" for 127.0.0.1 at 2017-10-30 20:53:35 +0200
Processing by MainController#index as HTML
  Rendering main/index.html.haml within layouts/application
  Rendered main/index.html.haml within layouts/application (11.1ms)
Completed 200 OK in 40ms (Views: 38.2ms)


Started GET "/" for 127.0.0.1 at 2017-10-30 20:53:36 +0200
Processing by MainController#index as HTML
  Rendering main/index.html.haml within layouts/application
  Rendered main/index.html.haml within layouts/application (7.3ms)
Completed 200 OK in 30ms (Views: 29.0ms)


